0 info it worked if it ends with ok
1 verbose cli [ '/usr/bin/nodejs', '/usr/bin/npm', 'run', 'build' ]
2 info using npm@3.5.2
3 info using node@v4.2.6
4 verbose run-script [ 'prebuild', 'build', 'postbuild' ]
5 info lifecycle pda-construction@0.0.1~prebuild: pda-construction@0.0.1
6 silly lifecycle pda-construction@0.0.1~prebuild: no script for prebuild, continuing
7 info lifecycle pda-construction@0.0.1~build: pda-construction@0.0.1
8 verbose lifecycle pda-construction@0.0.1~build: unsafe-perm in lifecycle true
9 verbose lifecycle pda-construction@0.0.1~build: PATH: /usr/share/npm/bin/node-gyp-bin:/home/maxi/Work/AT/automatatutor-frontend/src/main/webapp/javascript/pda-construction/node_modules/.bin:/home/maxi/bin:/home/maxi/.local/bin:/usr/local/uppaal-stratego-4.1.20-4/:/usr/local/uppaal-stratego-4.1.20-4/bin-Linux:/usr/local/sbin:/usr/local/bin:/usr/sbin:/usr/bin:/sbin:/bin:/usr/games:/usr/local/games
10 verbose lifecycle pda-construction@0.0.1~build: CWD: /home/maxi/Work/AT/automatatutor-frontend/src/main/webapp/javascript/pda-construction
11 silly lifecycle pda-construction@0.0.1~build: Args: [ '-c', 'webpack' ]
12 info lifecycle pda-construction@0.0.1~build: Failed to exec build script
13 verbose stack Error: pda-construction@0.0.1 build: `webpack`
13 verbose stack spawn ENOENT
13 verbose stack     at ChildProcess.<anonymous> (/usr/share/npm/lib/utils/spawn.js:17:16)
13 verbose stack     at emitTwo (events.js:87:13)
13 verbose stack     at ChildProcess.emit (events.js:172:7)
13 verbose stack     at maybeClose (internal/child_process.js:821:16)
13 verbose stack     at Process.ChildProcess._handle.onexit (internal/child_process.js:211:5)
14 verbose pkgid pda-construction@0.0.1
15 verbose cwd /home/maxi/Work/AT/automatatutor-frontend/src/main/webapp/javascript/pda-construction
16 error Linux 4.4.0-169-generic
17 error argv "/usr/bin/nodejs" "/usr/bin/npm" "run" "build"
18 error node v4.2.6
19 error npm  v3.5.2
20 error file sh
21 error code ELIFECYCLE
22 error errno ENOENT
23 error syscall spawn
24 error pda-construction@0.0.1 build: `webpack`
24 error spawn ENOENT
25 error Failed at the pda-construction@0.0.1 build script 'webpack'.
25 error Make sure you have the latest version of node.js and npm installed.
25 error If you do, this is most likely a problem with the pda-construction package,
25 error not with npm itself.
25 error Tell the author that this fails on your system:
25 error     webpack
25 error You can get information on how to open an issue for this project with:
25 error     npm bugs pda-construction
25 error Or if that isn't available, you can get their info via:
25 error     npm owner ls pda-construction
25 error There is likely additional logging output above.
26 verbose exit [ 1, true ]
